<?xml version="1.0" encoding="UTF-8"?>
<testsuite name="StringCalculatorTest" tests="1" skipped="0" failures="0" errors="0" timestamp="2022-03-21T20:21:38" hostname="DESKTOP-TVDEDJR" time="0.021">
  <properties/>
  <testcase name="twoNumbersCommaDelimitedReturnsTheSumTest()" classname="StringCalculatorTest" time="0.021"/>
  <system-out><![CDATA[]]></system-out>
  <system-err><![CDATA[]]></system-err>
</testsuite>
